This is pdfTeX, Version 3.141592653-2.6-1.40.22 (TeX Live 2022/dev/Debian) (preloaded format=pdflatex 2023.4.30)  17 MAY 2023 08:51
entering extended mode
 restricted \write18 enabled.
 %&-line parsing enabled.
**table2.tex
(./table2.tex
LaTeX2e <2021-11-15> patch level 1
L3 programming layer <2022-01-21>
(/usr/share/texlive/texmf-dist/tex/latex/l3backend/l3backend-pdftex.def
File: l3backend-pdftex.def 2022-01-12 L3 backend support: PDF output (pdfTeX)
\l__color_backend_stack_int=\count185
\l__pdf_internal_box=\box50
)
(./table2.aux)
\openout1 = `table2.aux'.

LaTeX Font Info:    Checking defaults for OML/cmm/m/it on input line 7.
LaTeX Font Info:    ... okay on input line 7.
LaTeX Font Info:    Checking defaults for OMS/cmsy/m/n on input line 7.
LaTeX Font Info:    ... okay on input line 7.
LaTeX Font Info:    Checking defaults for OT1/cmr/m/n on input line 7.
LaTeX Font Info:    ... okay on input line 7.
LaTeX Font Info:    Checking defaults for T1/cmr/m/n on input line 7.
LaTeX Font Info:    ... okay on input line 7.
LaTeX Font Info:    Checking defaults for TS1/cmr/m/n on input line 7.
LaTeX Font Info:    ... okay on input line 7.
LaTeX Font Info:    Checking defaults for OMX/cmex/m/n on input line 7.
LaTeX Font Info:    ... okay on input line 7.
LaTeX Font Info:    Checking defaults for U/cmr/m/n on input line 7.
LaTeX Font Info:    ... okay on input line 7.


! LaTeX Error: The font size command \normalsize is not defined:
               there is probably something wrong with the class file.

See the LaTeX manual or LaTeX Companion for explanation.
Type  H <return>  for immediate help.
 ...                                              
                                                  
l.7 \begin{document}
                    
? h
Your command was ignored.
Type  I <command> <return>  to replace it with another command,
or  <return>  to continue without it.
? 
LaTeX Font Info:    External font `cmex10' loaded for size
(Font)              <7> on input line 8.
LaTeX Font Info:    External font `cmex10' loaded for size
(Font)              <5> on input line 8.
! Missing $ inserted.
<inserted text> 
                $
l.10 X               &$$X \in
                              [1,6]$$	&The value on the 1st dice \\\hline
? 
! Extra }, or forgotten $.
<template> \unskip \hfil }
                          \hskip \tabcolsep \hskip -.5\arrayrulewidth \vrule...
l.10 X               &$$X \in [1,6]$$	&
                                       The value on the 1st dice \\\hline
? 
! Missing $ inserted.
<inserted text> 
                $
l.10 X               &$$X \in [1,6]$$	&
                                       The value on the 1st dice \\\hline
? 
! Missing } inserted.
<inserted text> 
                }
l.10 X               &$$X \in [1,6]$$	&
                                       The value on the 1st dice \\\hline
? 
! Missing $ inserted.
<inserted text> 
                $
l.11 Y        	&$$Y \in
                        [1,6]$$	&The value on the 2nd dice\\\hline
? 
! Extra }, or forgotten $.
<template> \unskip \hfil }
                          \hskip \tabcolsep \hskip -.5\arrayrulewidth \vrule...
l.11 Y        	&$$Y \in [1,6]$$	&
                                 The value on the 2nd dice\\\hline
? 
! Missing $ inserted.
<inserted text> 
                $
l.11 Y        	&$$Y \in [1,6]$$	&
                                 The value on the 2nd dice\\\hline
? 
! Missing } inserted.
<inserted text> 
                }
l.11 Y        	&$$Y \in [1,6]$$	&
                                 The value on the 2nd dice\\\hline
? 

! LaTeX Error: The font size command \normalsize is not defined:
               there is probably something wrong with the class file.

See the LaTeX manual or LaTeX Companion for explanation.
Type  H <return>  for immediate help.
 ...                                              
                                                  
l.13 \end{document}
                   
? 
[1{/var/lib/texmf/fonts/map/pdftex/updmap/pdftex.map}] (./table2.aux) ) 
Here is how much of TeX's memory you used:
 192 strings out of 480171
 4959 string characters out of 5894489
 290999 words of memory out of 5000000
 18235 multiletter control sequences out of 15000+600000
 469259 words of font info for 28 fonts, out of 8000000 for 9000
 59 hyphenation exceptions out of 8191
 28i,7n,34p,135b,95s stack positions out of 5000i,500n,10000p,200000b,80000s
</usr/sh
are/texlive/texmf-dist/fonts/type1/public/amsfonts/cm/cmmi10.pfb></usr/share/te
xlive/texmf-dist/fonts/type1/public/amsfonts/cm/cmr10.pfb></usr/share/texlive/t
exmf-dist/fonts/type1/public/amsfonts/cm/cmsy10.pfb>
Output written on table2.pdf (1 page, 33938 bytes).
PDF statistics:
 23 PDF objects out of 1000 (max. 8388607)
 13 compressed objects within 1 object stream
 0 named destinations out of 1000 (max. 500000)
 1 words of extra memory for PDF output out of 10000 (max. 10000000)

